
**** Build of configuration CPU1_RAM for project epwm_ex11_configure_signal ****

"C:\\ti\\ccs1250\\ccs\\utils\\bin\\gmake" -k -j 24 all -O 
 
Building file: "../epwm_ex11_configure_signal.syscfg"
Invoking: SysConfig
"C:/ti/ccs1250/ccs/utils/sysconfig_1.18.0/sysconfig_cli.bat" -s "C:/ti/c2000/C2000Ware_5_00_00_00/.metadata/sdk.json" -d "F2837xD" --script "C:/Users/smerritt2019/Desktop/TI EV/epwm_ex11_configure_signal/epwm_ex11_configure_signal.syscfg" -o "syscfg" --package F2837xD_176PTP --part F2837xD_176PTP --compiler ccs
Running script...
Validating...
info: myEPWM1(/driverlib/epwm.js) epwmTimebase_clockDiv: For perfectly synchronized TBCLKs across multiple EPWM modules, the prescaler bits in the TBCTL register of each EPWM module must be set identically
info: myEPWM1(/driverlib/epwm.js) epwmActionQualifier_t1Source: T1/T2 selection and configuration of a trip/digital-compare event is indpendent of the configuration of that event in the Trip-Zone submodule
info: myEPWM1(/driverlib/epwm.js) epwmActionQualifier_t2Source: T1/T2 selection and configuration of a trip/digital-compare event is indpendent of the configuration of that event in the Trip-Zone submodule
info: myEPWM1(/driverlib/epwm.js) epwmTimebase_phaseEnable: If the EPWMxSYNCI signal is held HIGH, the sync will NOT continously occur. The EPWMxSYNCI is rising edge activated.
info: myEPWM2(/driverlib/epwm.js) epwmTimebase_clockDiv: For perfectly synchronized TBCLKs across multiple EPWM modules, the prescaler bits in the TBCTL register of each EPWM module must be set identically
info: myEPWM2(/driverlib/epwm.js) epwmActionQualifier_t1Source: T1/T2 selection and configuration of a trip/digital-compare event is indpendent of the configuration of that event in the Trip-Zone submodule
info: myEPWM2(/driverlib/epwm.js) epwmActionQualifier_t2Source: T1/T2 selection and configuration of a trip/digital-compare event is indpendent of the configuration of that event in the Trip-Zone submodule
info: myEPWM3(/driverlib/epwm.js) epwmTimebase_clockDiv: For perfectly synchronized TBCLKs across multiple EPWM modules, the prescaler bits in the TBCTL register of each EPWM module must be set identically
info: myEPWM3(/driverlib/epwm.js) epwmActionQualifier_t1Source: T1/T2 selection and configuration of a trip/digital-compare event is indpendent of the configuration of that event in the Trip-Zone submodule
info: myEPWM3(/driverlib/epwm.js) epwmActionQualifier_t2Source: T1/T2 selection and configuration of a trip/digital-compare event is indpendent of the configuration of that event in the Trip-Zone submodule
Generating Code (epwm_ex11_configure_signal.syscfg)...
Writing C:\Users\smerritt2019\Desktop\TI EV\epwm_ex11_configure_signal\CPU1_RAM\syscfg\board.c...
Writing C:\Users\smerritt2019\Desktop\TI EV\epwm_ex11_configure_signal\CPU1_RAM\syscfg\board.h...
Writing C:\Users\smerritt2019\Desktop\TI EV\epwm_ex11_configure_signal\CPU1_RAM\syscfg\board.cmd.genlibs...
Writing C:\Users\smerritt2019\Desktop\TI EV\epwm_ex11_configure_signal\CPU1_RAM\syscfg\board.opt...
Writing C:\Users\smerritt2019\Desktop\TI EV\epwm_ex11_configure_signal\CPU1_RAM\syscfg\pinmux.csv...
Writing C:\Users\smerritt2019\Desktop\TI EV\epwm_ex11_configure_signal\CPU1_RAM\syscfg\epwm.dot...
Writing C:\Users\smerritt2019\Desktop\TI EV\epwm_ex11_configure_signal\CPU1_RAM\syscfg\c2000ware_libraries.cmd.genlibs...
Writing C:\Users\smerritt2019\Desktop\TI EV\epwm_ex11_configure_signal\CPU1_RAM\syscfg\c2000ware_libraries.opt...
Writing C:\Users\smerritt2019\Desktop\TI EV\epwm_ex11_configure_signal\CPU1_RAM\syscfg\c2000ware_libraries.c...
Writing C:\Users\smerritt2019\Desktop\TI EV\epwm_ex11_configure_signal\CPU1_RAM\syscfg\c2000ware_libraries.h...
Writing C:\Users\smerritt2019\Desktop\TI EV\epwm_ex11_configure_signal\CPU1_RAM\syscfg\clocktree.h...
Finished building: "../epwm_ex11_configure_signal.syscfg"
 
Building file: "../device/F2837xD_CodeStartBranch.asm"
Invoking: C2000 Compiler
"C:/ti/ccs1250/ccs/tools/compiler/ti-cgt-c2000_22.6.1.LTS/bin/cl2000" -v28 -ml -mt --cla_support=cla1 --float_support=fpu32 --tmu_support=tmu0 --vcu_support=vcu2 -Ooff --include_path="C:/Users/smerritt2019/Desktop/TI EV/epwm_ex11_configure_signal" --include_path="C:/Users/smerritt2019/Desktop/TI EV/epwm_ex11_configure_signal/device" --include_path="C:/ti/c2000/C2000Ware_5_00_00_00/driverlib/f2837xd/driverlib" --include_path="C:/ti/ccs1250/ccs/tools/compiler/ti-cgt-c2000_22.6.1.LTS/include" --define=DEBUG --define=CPU1 --diag_suppress=10063 --diag_warning=225 --diag_wrap=off --display_error_number --abi=eabi --preproc_with_compile --preproc_dependency="device/F2837xD_CodeStartBranch.d_raw" --include_path="C:/Users/smerritt2019/Desktop/TI EV/epwm_ex11_configure_signal/CPU1_RAM/syscfg" --obj_directory="device" --cmd_file="syscfg/board.opt" --cmd_file="syscfg/c2000ware_libraries.opt"  "../device/F2837xD_CodeStartBranch.asm"
Finished building: "../device/F2837xD_CodeStartBranch.asm"
 
Building file: "syscfg/c2000ware_libraries.c"
Invoking: C2000 Compiler
"C:/ti/ccs1250/ccs/tools/compiler/ti-cgt-c2000_22.6.1.LTS/bin/cl2000" -v28 -ml -mt --cla_support=cla1 --float_support=fpu32 --tmu_support=tmu0 --vcu_support=vcu2 -Ooff --include_path="C:/Users/smerritt2019/Desktop/TI EV/epwm_ex11_configure_signal" --include_path="C:/Users/smerritt2019/Desktop/TI EV/epwm_ex11_configure_signal/device" --include_path="C:/ti/c2000/C2000Ware_5_00_00_00/driverlib/f2837xd/driverlib" --include_path="C:/ti/ccs1250/ccs/tools/compiler/ti-cgt-c2000_22.6.1.LTS/include" --define=DEBUG --define=CPU1 --diag_suppress=10063 --diag_warning=225 --diag_wrap=off --display_error_number --abi=eabi --preproc_with_compile --preproc_dependency="syscfg/c2000ware_libraries.d_raw" --include_path="C:/Users/smerritt2019/Desktop/TI EV/epwm_ex11_configure_signal/CPU1_RAM/syscfg" --obj_directory="syscfg" --cmd_file="syscfg/board.opt" --cmd_file="syscfg/c2000ware_libraries.opt"  "syscfg/c2000ware_libraries.c"
Finished building: "syscfg/c2000ware_libraries.c"
 
Building file: "../epwm_ex11_configure_signal.c"
Invoking: C2000 Compiler
"C:/ti/ccs1250/ccs/tools/compiler/ti-cgt-c2000_22.6.1.LTS/bin/cl2000" -v28 -ml -mt --cla_support=cla1 --float_support=fpu32 --tmu_support=tmu0 --vcu_support=vcu2 -Ooff --include_path="C:/Users/smerritt2019/Desktop/TI EV/epwm_ex11_configure_signal" --include_path="C:/Users/smerritt2019/Desktop/TI EV/epwm_ex11_configure_signal/device" --include_path="C:/ti/c2000/C2000Ware_5_00_00_00/driverlib/f2837xd/driverlib" --include_path="C:/ti/ccs1250/ccs/tools/compiler/ti-cgt-c2000_22.6.1.LTS/include" --define=DEBUG --define=CPU1 --diag_suppress=10063 --diag_warning=225 --diag_wrap=off --display_error_number --abi=eabi --preproc_with_compile --preproc_dependency="epwm_ex11_configure_signal.d_raw" --include_path="C:/Users/smerritt2019/Desktop/TI EV/epwm_ex11_configure_signal/CPU1_RAM/syscfg" --cmd_file="syscfg/board.opt" --cmd_file="syscfg/c2000ware_libraries.opt"  "../epwm_ex11_configure_signal.c"
Finished building: "../epwm_ex11_configure_signal.c"
 
Building file: "../device/device.c"
Invoking: C2000 Compiler
"C:/ti/ccs1250/ccs/tools/compiler/ti-cgt-c2000_22.6.1.LTS/bin/cl2000" -v28 -ml -mt --cla_support=cla1 --float_support=fpu32 --tmu_support=tmu0 --vcu_support=vcu2 -Ooff --include_path="C:/Users/smerritt2019/Desktop/TI EV/epwm_ex11_configure_signal" --include_path="C:/Users/smerritt2019/Desktop/TI EV/epwm_ex11_configure_signal/device" --include_path="C:/ti/c2000/C2000Ware_5_00_00_00/driverlib/f2837xd/driverlib" --include_path="C:/ti/ccs1250/ccs/tools/compiler/ti-cgt-c2000_22.6.1.LTS/include" --define=DEBUG --define=CPU1 --diag_suppress=10063 --diag_warning=225 --diag_wrap=off --display_error_number --abi=eabi --preproc_with_compile --preproc_dependency="device/device.d_raw" --include_path="C:/Users/smerritt2019/Desktop/TI EV/epwm_ex11_configure_signal/CPU1_RAM/syscfg" --obj_directory="device" --cmd_file="syscfg/board.opt" --cmd_file="syscfg/c2000ware_libraries.opt"  "../device/device.c"
Finished building: "../device/device.c"
 
Building file: "syscfg/board.c"
Invoking: C2000 Compiler
"C:/ti/ccs1250/ccs/tools/compiler/ti-cgt-c2000_22.6.1.LTS/bin/cl2000" -v28 -ml -mt --cla_support=cla1 --float_support=fpu32 --tmu_support=tmu0 --vcu_support=vcu2 -Ooff --include_path="C:/Users/smerritt2019/Desktop/TI EV/epwm_ex11_configure_signal" --include_path="C:/Users/smerritt2019/Desktop/TI EV/epwm_ex11_configure_signal/device" --include_path="C:/ti/c2000/C2000Ware_5_00_00_00/driverlib/f2837xd/driverlib" --include_path="C:/ti/ccs1250/ccs/tools/compiler/ti-cgt-c2000_22.6.1.LTS/include" --define=DEBUG --define=CPU1 --diag_suppress=10063 --diag_warning=225 --diag_wrap=off --display_error_number --abi=eabi --preproc_with_compile --preproc_dependency="syscfg/board.d_raw" --include_path="C:/Users/smerritt2019/Desktop/TI EV/epwm_ex11_configure_signal/CPU1_RAM/syscfg" --obj_directory="syscfg" --cmd_file="syscfg/board.opt" --cmd_file="syscfg/c2000ware_libraries.opt"  "syscfg/board.c"
Finished building: "syscfg/board.c"
 
Building target: "epwm_ex11_configure_signal.out"
Invoking: C2000 Linker
"C:/ti/ccs1250/ccs/tools/compiler/ti-cgt-c2000_22.6.1.LTS/bin/cl2000" -v28 -ml -mt --cla_support=cla1 --float_support=fpu32 --tmu_support=tmu0 --vcu_support=vcu2 -Ooff --define=DEBUG --define=CPU1 --diag_suppress=10063 --diag_warning=225 --diag_wrap=off --display_error_number --abi=eabi -z -m"epwm_ex11_configure_signal.map" --heap_size=0x200 --stack_size=0x3F8 --warn_sections -i"C:/ti/ccs1250/ccs/tools/compiler/ti-cgt-c2000_22.6.1.LTS/lib" -i"C:/ti/ccs1250/ccs/tools/compiler/ti-cgt-c2000_22.6.1.LTS/include" --reread_libs --define=RAM --diag_wrap=off --display_error_number --xml_link_info="epwm_ex11_configure_signal_linkInfo.xml" --entry_point=code_start --rom_model -o "epwm_ex11_configure_signal.out" "./epwm_ex11_configure_signal.obj" "./syscfg/board.obj" "./syscfg/c2000ware_libraries.obj" "./device/F2837xD_CodeStartBranch.obj" "./device/device.obj" "../2837xD_RAM_lnk_cpu1.cmd" "C:/ti/c2000/C2000Ware_5_00_00_00/driverlib/f2837xd/driverlib/ccs/Debug/driverlib.lib"  -llibc.a 
<Linking>
Finished building target: "epwm_ex11_configure_signal.out"
 

**** Build Finished ****
